<?xml version="1.0" encoding="UTF-8"?>
<!-- Generated by org.testng.reporters.JUnitReportReporter -->
<testsuite skipped="0" hostname="TYSS-4F-048" name="com.puma.script.AddProductTest" tests="1" failures="0" timestamp="03 May 2018 07:05:23 GMT" time="104.719" errors="0">
  <testcase name="addProduct" time="104.719" classname="com.puma.script.AddProductTest"/>
</testsuite> <!-- com.puma.script.AddProductTest -->
