<?xml version="1.0" encoding="UTF-8"?>
<!-- Generated by org.testng.reporters.JUnitReportReporter -->
<testsuite skipped="0" hostname="TYSS-4F-048" name="com.puma.script.AddProductTest" tests="1" failures="0" timestamp="03 May 2018 09:16:12 GMT" time="88.466" errors="0">
  <testcase name="addProduct" time="88.466" classname="com.puma.script.AddProductTest"/>
</testsuite> <!-- com.puma.script.AddProductTest -->
